[parity] verifying canonical pipeline against frozen disk files...
  Parity check: canonical pipeline vs frozen disk files
  date: 2026-07-14 03:13:01
  
  [standard] kodim01 alpha=0.1: watermarked bit-identical=True, real_esrgan bit-identical=True
  [hf] kodim01 alpha=0.1: watermarked bit-identical=True, real_esrgan bit-identical=True
  
  RESULT: PASS — the live canonical pipeline is bit-identical to the pipeline that produced the frozen standard/HF files.
[collect] 100 images, alphas (run order) [0.1, 0.05, 0.2, 0.3]
[alpha=0.1] [1/100] kodim01  bal ESRGAN NC=0.8086  (0.6 min elapsed)
[alpha=0.1] [2/100] kodim02  bal ESRGAN NC=0.7871  (1.3 min elapsed)
[alpha=0.1] [3/100] kodim03  bal ESRGAN NC=0.8867  (1.9 min elapsed)
[alpha=0.1] [4/100] kodim04  bal ESRGAN NC=0.8398  (2.5 min elapsed)
[alpha=0.1] [5/100] kodim05  bal ESRGAN NC=0.7969  (3.1 min elapsed)
[alpha=0.1] [6/100] kodim06  bal ESRGAN NC=0.8711  (3.8 min elapsed)
[alpha=0.1] [7/100] kodim07  bal ESRGAN NC=0.7617  (4.4 min elapsed)
[alpha=0.1] [8/100] kodim08  bal ESRGAN NC=0.5586  (5.0 min elapsed)
[alpha=0.1] [9/100] kodim09  bal ESRGAN NC=0.7910  (5.7 min elapsed)
[alpha=0.1] [10/100] kodim10  bal ESRGAN NC=0.8340  (6.3 min elapsed)
[alpha=0.1] [11/100] kodim11  bal ESRGAN NC=0.8574  (6.9 min elapsed)
[alpha=0.1] [12/100] kodim12  bal ESRGAN NC=0.9160  (7.5 min elapsed)
[alpha=0.1] [13/100] kodim13  bal ESRGAN NC=0.9141  (8.1 min elapsed)
[alpha=0.1] [14/100] kodim14  bal ESRGAN NC=0.9141  (8.7 min elapsed)
[alpha=0.1] [15/100] kodim15  bal ESRGAN NC=0.7930  (9.3 min elapsed)
[alpha=0.1] [16/100] kodim16  bal ESRGAN NC=0.9258  (9.9 min elapsed)
[alpha=0.1] [17/100] kodim17  bal ESRGAN NC=0.9258  (10.5 min elapsed)
[alpha=0.1] [18/100] kodim18  bal ESRGAN NC=0.9355  (11.1 min elapsed)
[alpha=0.1] [19/100] kodim19  bal ESRGAN NC=0.8770  (11.7 min elapsed)
[alpha=0.1] [20/100] kodim20  bal ESRGAN NC=0.5273  (12.3 min elapsed)
[alpha=0.1] [21/100] kodim21  bal ESRGAN NC=0.8262  (12.9 min elapsed)
[alpha=0.1] [22/100] kodim22  bal ESRGAN NC=0.9004  (13.5 min elapsed)
[alpha=0.1] [23/100] kodim23  bal ESRGAN NC=0.9102  (14.1 min elapsed)
[alpha=0.1] [24/100] kodim24  bal ESRGAN NC=0.7969  (14.7 min elapsed)
[alpha=0.1] [25/100] t001  bal ESRGAN NC=0.8516  (15.3 min elapsed)
[alpha=0.1] [26/100] t002  bal ESRGAN NC=0.6660  (15.9 min elapsed)
[alpha=0.1] [27/100] t003  bal ESRGAN NC=0.8027  (16.6 min elapsed)
[alpha=0.1] [28/100] t004  bal ESRGAN NC=0.6309  (17.2 min elapsed)
[alpha=0.1] [29/100] t005  bal ESRGAN NC=0.8672  (17.8 min elapsed)
[alpha=0.1] [30/100] t006  bal ESRGAN NC=0.8223  (18.4 min elapsed)
[alpha=0.1] [31/100] t007  bal ESRGAN NC=0.8164  (19.1 min elapsed)
[alpha=0.1] [32/100] t008  bal ESRGAN NC=0.7930  (19.7 min elapsed)
[alpha=0.1] [33/100] t009  bal ESRGAN NC=0.6797  (20.3 min elapsed)
[alpha=0.1] [34/100] t010  bal ESRGAN NC=0.7988  (20.9 min elapsed)
[alpha=0.1] [35/100] t011  bal ESRGAN NC=0.7910  (21.5 min elapsed)
[alpha=0.1] [36/100] t012  bal ESRGAN NC=0.7500  (22.2 min elapsed)
[alpha=0.1] [37/100] t013  bal ESRGAN NC=0.9727  (22.8 min elapsed)
[alpha=0.1] [38/100] t014  bal ESRGAN NC=0.7227  (23.4 min elapsed)
[alpha=0.1] [39/100] t015  bal ESRGAN NC=0.5664  (24.0 min elapsed)
[alpha=0.1] [40/100] t016  bal ESRGAN NC=0.8418  (24.7 min elapsed)
[alpha=0.1] [41/100] t017  bal ESRGAN NC=0.9473  (25.3 min elapsed)
[alpha=0.1] [42/100] t018  bal ESRGAN NC=0.7461  (25.9 min elapsed)
[alpha=0.1] [43/100] t019  bal ESRGAN NC=0.7168  (26.5 min elapsed)
[alpha=0.1] [44/100] t020  bal ESRGAN NC=0.8125  (27.2 min elapsed)
[alpha=0.1] [45/100] t021  bal ESRGAN NC=0.6738  (27.8 min elapsed)
[alpha=0.1] [46/100] t022  bal ESRGAN NC=0.9141  (28.4 min elapsed)
[alpha=0.1] [47/100] t023  bal ESRGAN NC=0.8398  (29.0 min elapsed)
[alpha=0.1] [48/100] t024  bal ESRGAN NC=0.6738  (29.6 min elapsed)
[alpha=0.1] [49/100] t025  bal ESRGAN NC=0.6094  (30.3 min elapsed)
[alpha=0.1] [50/100] t026  bal ESRGAN NC=0.6875  (30.9 min elapsed)
[alpha=0.1] [51/100] t027  bal ESRGAN NC=0.8457  (31.5 min elapsed)
[alpha=0.1] [52/100] t028  bal ESRGAN NC=0.5156  (32.1 min elapsed)
[alpha=0.1] [53/100] t029  bal ESRGAN NC=0.8848  (32.8 min elapsed)
[alpha=0.1] [54/100] t030  bal ESRGAN NC=0.6895  (33.4 min elapsed)
[alpha=0.1] [55/100] t031  bal ESRGAN NC=0.7383  (34.1 min elapsed)
[alpha=0.1] [56/100] t032  bal ESRGAN NC=0.6582  (34.7 min elapsed)
[alpha=0.1] [57/100] t033  bal ESRGAN NC=0.7559  (35.3 min elapsed)
[alpha=0.1] [58/100] t034  bal ESRGAN NC=0.9199  (36.0 min elapsed)
[alpha=0.1] [59/100] t035  bal ESRGAN NC=0.7070  (36.6 min elapsed)
[alpha=0.1] [60/100] t036  bal ESRGAN NC=0.8965  (37.2 min elapsed)
[alpha=0.1] [61/100] t037  bal ESRGAN NC=0.8418  (37.8 min elapsed)
[alpha=0.1] [62/100] t038  bal ESRGAN NC=0.8516  (38.4 min elapsed)
[alpha=0.1] [63/100] t039  bal ESRGAN NC=0.5059  (39.0 min elapsed)
[alpha=0.1] [64/100] t040  bal ESRGAN NC=0.9473  (39.6 min elapsed)
[alpha=0.1] [65/100] t041  bal ESRGAN NC=0.8965  (40.3 min elapsed)
[alpha=0.1] [66/100] t042  bal ESRGAN NC=0.8320  (40.9 min elapsed)
[alpha=0.1] [67/100] t043  bal ESRGAN NC=0.8320  (41.5 min elapsed)
[alpha=0.1] [68/100] t044  bal ESRGAN NC=0.8125  (42.1 min elapsed)
[alpha=0.1] [69/100] t045  bal ESRGAN NC=0.8828  (42.8 min elapsed)
[alpha=0.1] [70/100] t046  bal ESRGAN NC=0.9062  (43.4 min elapsed)
[alpha=0.1] [71/100] t047  bal ESRGAN NC=0.9258  (44.0 min elapsed)
[alpha=0.1] [72/100] t048  bal ESRGAN NC=0.7930  (44.7 min elapsed)
[alpha=0.1] [73/100] t049  bal ESRGAN NC=0.9492  (45.3 min elapsed)
[alpha=0.1] [74/100] t050  bal ESRGAN NC=0.9023  (45.9 min elapsed)
[alpha=0.1] [75/100] t051  bal ESRGAN NC=0.8281  (46.5 min elapsed)
[alpha=0.1] [76/100] t052  bal ESRGAN NC=0.7891  (47.2 min elapsed)
[alpha=0.1] [77/100] t053  bal ESRGAN NC=0.9082  (47.8 min elapsed)
[alpha=0.1] [78/100] t054  bal ESRGAN NC=0.6387  (48.4 min elapsed)
[alpha=0.1] [79/100] t055  bal ESRGAN NC=0.9043  (49.0 min elapsed)
[alpha=0.1] [80/100] t056  bal ESRGAN NC=0.9648  (49.6 min elapsed)
[alpha=0.1] [81/100] t057  bal ESRGAN NC=0.7480  (50.2 min elapsed)
[alpha=0.1] [82/100] t058  bal ESRGAN NC=0.8184  (50.9 min elapsed)
[alpha=0.1] [83/100] t059  bal ESRGAN NC=0.7969  (51.5 min elapsed)
[alpha=0.1] [84/100] t060  bal ESRGAN NC=0.8359  (52.2 min elapsed)
[alpha=0.1] [85/100] t061  bal ESRGAN NC=0.7949  (52.8 min elapsed)
[alpha=0.1] [86/100] t062  bal ESRGAN NC=0.8711  (53.4 min elapsed)
[alpha=0.1] [87/100] t063  bal ESRGAN NC=0.7090  (54.0 min elapsed)
[alpha=0.1] [88/100] t064  bal ESRGAN NC=0.5449  (54.6 min elapsed)
[alpha=0.1] [89/100] t065  bal ESRGAN NC=0.8945  (55.2 min elapsed)
[alpha=0.1] [90/100] t066  bal ESRGAN NC=0.9004  (55.9 min elapsed)
[alpha=0.1] [91/100] t067  bal ESRGAN NC=0.6895  (56.5 min elapsed)
[alpha=0.1] [92/100] t068  bal ESRGAN NC=0.8496  (57.1 min elapsed)
[alpha=0.1] [93/100] t069  bal ESRGAN NC=0.6895  (57.7 min elapsed)
[alpha=0.1] [94/100] t070  bal ESRGAN NC=0.8535  (58.3 min elapsed)
[alpha=0.1] [95/100] t071  bal ESRGAN NC=0.7051  (58.9 min elapsed)
[alpha=0.1] [96/100] t072  bal ESRGAN NC=0.9707  (59.6 min elapsed)
[alpha=0.1] [97/100] t073  bal ESRGAN NC=0.9648  (60.2 min elapsed)
[alpha=0.1] [98/100] t074  bal ESRGAN NC=0.9570  (60.8 min elapsed)
[alpha=0.1] [99/100] t075  bal ESRGAN NC=0.8398  (61.4 min elapsed)
[alpha=0.1] [100/100] t076  bal ESRGAN NC=0.9551  (62.0 min elapsed)
[alpha=0.05] [1/100] kodim01  bal ESRGAN NC=0.7988  (62.6 min elapsed)
[alpha=0.05] [2/100] kodim02  bal ESRGAN NC=0.7832  (63.3 min elapsed)
[alpha=0.05] [3/100] kodim03  bal ESRGAN NC=0.8809  (63.9 min elapsed)
[alpha=0.05] [4/100] kodim04  bal ESRGAN NC=0.8379  (64.5 min elapsed)
[alpha=0.05] [5/100] kodim05  bal ESRGAN NC=0.7812  (65.2 min elapsed)
[alpha=0.05] [6/100] kodim06  bal ESRGAN NC=0.8652  (65.8 min elapsed)
[alpha=0.05] [7/100] kodim07  bal ESRGAN NC=0.7461  (66.4 min elapsed)
[alpha=0.05] [8/100] kodim08  bal ESRGAN NC=0.5352  (67.0 min elapsed)
[alpha=0.05] [9/100] kodim09  bal ESRGAN NC=0.7891  (67.6 min elapsed)
[alpha=0.05] [10/100] kodim10  bal ESRGAN NC=0.8262  (68.2 min elapsed)
[alpha=0.05] [11/100] kodim11  bal ESRGAN NC=0.8516  (68.9 min elapsed)
[alpha=0.05] [12/100] kodim12  bal ESRGAN NC=0.9219  (69.5 min elapsed)
[alpha=0.05] [13/100] kodim13  bal ESRGAN NC=0.9004  (70.1 min elapsed)
[alpha=0.05] [14/100] kodim14  bal ESRGAN NC=0.9043  (70.7 min elapsed)
[alpha=0.05] [15/100] kodim15  bal ESRGAN NC=0.7949  (71.4 min elapsed)
[alpha=0.05] [16/100] kodim16  bal ESRGAN NC=0.9238  (72.0 min elapsed)
[alpha=0.05] [17/100] kodim17  bal ESRGAN NC=0.9238  (72.6 min elapsed)
[alpha=0.05] [18/100] kodim18  bal ESRGAN NC=0.9258  (73.2 min elapsed)
[alpha=0.05] [19/100] kodim19  bal ESRGAN NC=0.8730  (73.8 min elapsed)
[alpha=0.05] [20/100] kodim20  bal ESRGAN NC=0.5156  (74.4 min elapsed)
[alpha=0.05] [21/100] kodim21  bal ESRGAN NC=0.8223  (75.0 min elapsed)
[alpha=0.05] [22/100] kodim22  bal ESRGAN NC=0.9004  (75.7 min elapsed)
[alpha=0.05] [23/100] kodim23  bal ESRGAN NC=0.9004  (76.3 min elapsed)
[alpha=0.05] [24/100] kodim24  bal ESRGAN NC=0.7871  (76.9 min elapsed)
[alpha=0.05] [25/100] t001  bal ESRGAN NC=0.8438  (77.5 min elapsed)
[alpha=0.05] [26/100] t002  bal ESRGAN NC=0.6562  (78.2 min elapsed)
[alpha=0.05] [27/100] t003  bal ESRGAN NC=0.7891  (78.8 min elapsed)
[alpha=0.05] [28/100] t004  bal ESRGAN NC=0.6211  (79.4 min elapsed)
[alpha=0.05] [29/100] t005  bal ESRGAN NC=0.8594  (80.0 min elapsed)
[alpha=0.05] [30/100] t006  bal ESRGAN NC=0.8125  (80.6 min elapsed)
[alpha=0.05] [31/100] t007  bal ESRGAN NC=0.7988  (81.2 min elapsed)
[alpha=0.05] [32/100] t008  bal ESRGAN NC=0.7832  (81.8 min elapsed)
[alpha=0.05] [33/100] t009  bal ESRGAN NC=0.6738  (82.5 min elapsed)
[alpha=0.05] [34/100] t010  bal ESRGAN NC=0.7891  (83.1 min elapsed)
[alpha=0.05] [35/100] t011  bal ESRGAN NC=0.7832  (83.7 min elapsed)
[alpha=0.05] [36/100] t012  bal ESRGAN NC=0.7441  (84.3 min elapsed)
[alpha=0.05] [37/100] t013  bal ESRGAN NC=0.9648  (84.9 min elapsed)
[alpha=0.05] [38/100] t014  bal ESRGAN NC=0.7070  (85.6 min elapsed)
[alpha=0.05] [39/100] t015  bal ESRGAN NC=0.5469  (86.2 min elapsed)
[alpha=0.05] [40/100] t016  bal ESRGAN NC=0.8359  (86.8 min elapsed)
[alpha=0.05] [41/100] t017  bal ESRGAN NC=0.9395  (87.4 min elapsed)
[alpha=0.05] [42/100] t018  bal ESRGAN NC=0.7383  (88.0 min elapsed)
[alpha=0.05] [43/100] t019  bal ESRGAN NC=0.6973  (88.7 min elapsed)
[alpha=0.05] [44/100] t020  bal ESRGAN NC=0.8027  (89.3 min elapsed)
[alpha=0.05] [45/100] t021  bal ESRGAN NC=0.6562  (89.9 min elapsed)
[alpha=0.05] [46/100] t022  bal ESRGAN NC=0.9082  (90.5 min elapsed)
[alpha=0.05] [47/100] t023  bal ESRGAN NC=0.8281  (91.2 min elapsed)
[alpha=0.05] [48/100] t024  bal ESRGAN NC=0.6523  (91.8 min elapsed)
[alpha=0.05] [49/100] t025  bal ESRGAN NC=0.5977  (92.4 min elapsed)
[alpha=0.05] [50/100] t026  bal ESRGAN NC=0.6816  (93.0 min elapsed)
[alpha=0.05] [51/100] t027  bal ESRGAN NC=0.8438  (93.7 min elapsed)
[alpha=0.05] [52/100] t028  bal ESRGAN NC=0.5273  (94.3 min elapsed)
[alpha=0.05] [53/100] t029  bal ESRGAN NC=0.8652  (94.9 min elapsed)
[alpha=0.05] [54/100] t030  bal ESRGAN NC=0.6797  (95.5 min elapsed)
[alpha=0.05] [55/100] t031  bal ESRGAN NC=0.7344  (96.1 min elapsed)
[alpha=0.05] [56/100] t032  bal ESRGAN NC=0.6523  (96.8 min elapsed)
[alpha=0.05] [57/100] t033  bal ESRGAN NC=0.7539  (97.4 min elapsed)
[alpha=0.05] [58/100] t034  bal ESRGAN NC=0.9121  (98.0 min elapsed)
[alpha=0.05] [59/100] t035  bal ESRGAN NC=0.6953  (98.6 min elapsed)
[alpha=0.05] [60/100] t036  bal ESRGAN NC=0.8867  (99.2 min elapsed)
[alpha=0.05] [61/100] t037  bal ESRGAN NC=0.8281  (99.9 min elapsed)
[alpha=0.05] [62/100] t038  bal ESRGAN NC=0.8398  (100.5 min elapsed)
[alpha=0.05] [63/100] t039  bal ESRGAN NC=0.4883  (101.1 min elapsed)
[alpha=0.05] [64/100] t040  bal ESRGAN NC=0.9414  (101.7 min elapsed)
[alpha=0.05] [65/100] t041  bal ESRGAN NC=0.8828  (102.4 min elapsed)
[alpha=0.05] [66/100] t042  bal ESRGAN NC=0.8105  (103.0 min elapsed)
[alpha=0.05] [67/100] t043  bal ESRGAN NC=0.8301  (103.6 min elapsed)
[alpha=0.05] [68/100] t044  bal ESRGAN NC=0.8066  (104.2 min elapsed)
[alpha=0.05] [69/100] t045  bal ESRGAN NC=0.8672  (104.9 min elapsed)
[alpha=0.05] [70/100] t046  bal ESRGAN NC=0.8984  (105.5 min elapsed)
[alpha=0.05] [71/100] t047  bal ESRGAN NC=0.9180  (106.1 min elapsed)
[alpha=0.05] [72/100] t048  bal ESRGAN NC=0.7949  (106.8 min elapsed)
[alpha=0.05] [73/100] t049  bal ESRGAN NC=0.9414  (107.4 min elapsed)
[alpha=0.05] [74/100] t050  bal ESRGAN NC=0.8750  (108.1 min elapsed)
[alpha=0.05] [75/100] t051  bal ESRGAN NC=0.8164  (108.7 min elapsed)
[alpha=0.05] [76/100] t052  bal ESRGAN NC=0.7891  (109.3 min elapsed)
[alpha=0.05] [77/100] t053  bal ESRGAN NC=0.8965  (109.9 min elapsed)
[alpha=0.05] [78/100] t054  bal ESRGAN NC=0.6504  (110.5 min elapsed)
[alpha=0.05] [79/100] t055  bal ESRGAN NC=0.9004  (111.1 min elapsed)
[alpha=0.05] [80/100] t056  bal ESRGAN NC=0.9570  (111.8 min elapsed)
[alpha=0.05] [81/100] t057  bal ESRGAN NC=0.7363  (112.4 min elapsed)
[alpha=0.05] [82/100] t058  bal ESRGAN NC=0.8027  (113.0 min elapsed)
[alpha=0.05] [83/100] t059  bal ESRGAN NC=0.7871  (113.6 min elapsed)
[alpha=0.05] [84/100] t060  bal ESRGAN NC=0.8320  (114.2 min elapsed)
[alpha=0.05] [85/100] t061  bal ESRGAN NC=0.7793  (114.9 min elapsed)
[alpha=0.05] [86/100] t062  bal ESRGAN NC=0.8691  (115.5 min elapsed)
[alpha=0.05] [87/100] t063  bal ESRGAN NC=0.7031  (116.1 min elapsed)
[alpha=0.05] [88/100] t064  bal ESRGAN NC=0.5293  (116.7 min elapsed)
[alpha=0.05] [89/100] t065  bal ESRGAN NC=0.8926  (117.3 min elapsed)
[alpha=0.05] [90/100] t066  bal ESRGAN NC=0.8809  (117.9 min elapsed)
[alpha=0.05] [91/100] t067  bal ESRGAN NC=0.6855  (118.5 min elapsed)
[alpha=0.05] [92/100] t068  bal ESRGAN NC=0.8379  (119.2 min elapsed)
[alpha=0.05] [93/100] t069  bal ESRGAN NC=0.6855  (119.8 min elapsed)
[alpha=0.05] [94/100] t070  bal ESRGAN NC=0.8262  (120.4 min elapsed)
[alpha=0.05] [95/100] t071  bal ESRGAN NC=0.7051  (121.0 min elapsed)
[alpha=0.05] [96/100] t072  bal ESRGAN NC=0.9668  (121.6 min elapsed)
[alpha=0.05] [97/100] t073  bal ESRGAN NC=0.9609  (122.2 min elapsed)
[alpha=0.05] [98/100] t074  bal ESRGAN NC=0.9570  (122.9 min elapsed)
[alpha=0.05] [99/100] t075  bal ESRGAN NC=0.8125  (123.5 min elapsed)
[alpha=0.05] [100/100] t076  bal ESRGAN NC=0.9512  (124.1 min elapsed)
[alpha=0.2] [1/100] kodim01  bal ESRGAN NC=0.8379  (124.7 min elapsed)
[alpha=0.2] [2/100] kodim02  bal ESRGAN NC=0.7969  (125.3 min elapsed)
[alpha=0.2] [3/100] kodim03  bal ESRGAN NC=0.8906  (125.9 min elapsed)
[alpha=0.2] [4/100] kodim04  bal ESRGAN NC=0.8594  (126.6 min elapsed)
[alpha=0.2] [5/100] kodim05  bal ESRGAN NC=0.8418  (127.2 min elapsed)
[alpha=0.2] [6/100] kodim06  bal ESRGAN NC=0.8945  (127.8 min elapsed)
[alpha=0.2] [7/100] kodim07  bal ESRGAN NC=0.7754  (128.4 min elapsed)
[alpha=0.2] [8/100] kodim08  bal ESRGAN NC=0.5879  (129.0 min elapsed)
[alpha=0.2] [9/100] kodim09  bal ESRGAN NC=0.7988  (129.6 min elapsed)
[alpha=0.2] [10/100] kodim10  bal ESRGAN NC=0.8496  (130.2 min elapsed)
[alpha=0.2] [11/100] kodim11  bal ESRGAN NC=0.8828  (130.9 min elapsed)
[alpha=0.2] [12/100] kodim12  bal ESRGAN NC=0.9219  (131.5 min elapsed)
[alpha=0.2] [13/100] kodim13  bal ESRGAN NC=0.9414  (132.1 min elapsed)
[alpha=0.2] [14/100] kodim14  bal ESRGAN NC=0.9258  (132.8 min elapsed)
[alpha=0.2] [15/100] kodim15  bal ESRGAN NC=0.8047  (133.4 min elapsed)
[alpha=0.2] [16/100] kodim16  bal ESRGAN NC=0.9355  (134.1 min elapsed)
[alpha=0.2] [17/100] kodim17  bal ESRGAN NC=0.9375  (134.7 min elapsed)
[alpha=0.2] [18/100] kodim18  bal ESRGAN NC=0.9434  (135.3 min elapsed)
[alpha=0.2] [19/100] kodim19  bal ESRGAN NC=0.8828  (136.0 min elapsed)
[alpha=0.2] [20/100] kodim20  bal ESRGAN NC=0.5312  (136.6 min elapsed)
[alpha=0.2] [21/100] kodim21  bal ESRGAN NC=0.8320  (137.2 min elapsed)
[alpha=0.2] [22/100] kodim22  bal ESRGAN NC=0.9160  (137.8 min elapsed)
[alpha=0.2] [23/100] kodim23  bal ESRGAN NC=0.9141  (138.5 min elapsed)
[alpha=0.2] [24/100] kodim24  bal ESRGAN NC=0.8066  (139.1 min elapsed)
[alpha=0.2] [25/100] t001  bal ESRGAN NC=0.8555  (139.8 min elapsed)
[alpha=0.2] [26/100] t002  bal ESRGAN NC=0.6758  (140.4 min elapsed)
[alpha=0.2] [27/100] t003  bal ESRGAN NC=0.8359  (141.0 min elapsed)
[alpha=0.2] [28/100] t004  bal ESRGAN NC=0.6445  (141.7 min elapsed)
[alpha=0.2] [29/100] t005  bal ESRGAN NC=0.8730  (142.3 min elapsed)
[alpha=0.2] [30/100] t006  bal ESRGAN NC=0.8223  (142.9 min elapsed)
[alpha=0.2] [31/100] t007  bal ESRGAN NC=0.8340  (143.5 min elapsed)
[alpha=0.2] [32/100] t008  bal ESRGAN NC=0.8125  (144.1 min elapsed)
[alpha=0.2] [33/100] t009  bal ESRGAN NC=0.6836  (144.7 min elapsed)
[alpha=0.2] [34/100] t010  bal ESRGAN NC=0.8086  (145.4 min elapsed)
[alpha=0.2] [35/100] t011  bal ESRGAN NC=0.8105  (146.0 min elapsed)
[alpha=0.2] [36/100] t012  bal ESRGAN NC=0.7617  (146.6 min elapsed)
[alpha=0.2] [37/100] t013  bal ESRGAN NC=0.9883  (147.3 min elapsed)
[alpha=0.2] [38/100] t014  bal ESRGAN NC=0.7422  (147.9 min elapsed)
[alpha=0.2] [39/100] t015  bal ESRGAN NC=0.5957  (148.5 min elapsed)
[alpha=0.2] [40/100] t016  bal ESRGAN NC=0.8574  (149.2 min elapsed)
[alpha=0.2] [41/100] t017  bal ESRGAN NC=0.9609  (149.8 min elapsed)
[alpha=0.2] [42/100] t018  bal ESRGAN NC=0.7734  (150.4 min elapsed)
[alpha=0.2] [43/100] t019  bal ESRGAN NC=0.7402  (151.0 min elapsed)
[alpha=0.2] [44/100] t020  bal ESRGAN NC=0.8418  (151.7 min elapsed)
[alpha=0.2] [45/100] t021  bal ESRGAN NC=0.7305  (152.3 min elapsed)
[alpha=0.2] [46/100] t022  bal ESRGAN NC=0.9355  (152.9 min elapsed)
[alpha=0.2] [47/100] t023  bal ESRGAN NC=0.8613  (153.5 min elapsed)
[alpha=0.2] [48/100] t024  bal ESRGAN NC=0.7148  (154.2 min elapsed)
[alpha=0.2] [49/100] t025  bal ESRGAN NC=0.6211  (154.8 min elapsed)
[alpha=0.2] [50/100] t026  bal ESRGAN NC=0.6953  (155.4 min elapsed)
[alpha=0.2] [51/100] t027  bal ESRGAN NC=0.8398  (156.1 min elapsed)
[alpha=0.2] [52/100] t028  bal ESRGAN NC=0.5312  (156.7 min elapsed)
[alpha=0.2] [53/100] t029  bal ESRGAN NC=0.9023  (157.3 min elapsed)
[alpha=0.2] [54/100] t030  bal ESRGAN NC=0.7188  (157.9 min elapsed)
[alpha=0.2] [55/100] t031  bal ESRGAN NC=0.7480  (158.6 min elapsed)
[alpha=0.2] [56/100] t032  bal ESRGAN NC=0.6699  (159.2 min elapsed)
[alpha=0.2] [57/100] t033  bal ESRGAN NC=0.7676  (159.9 min elapsed)
[alpha=0.2] [58/100] t034  bal ESRGAN NC=0.9512  (160.5 min elapsed)
[alpha=0.2] [59/100] t035  bal ESRGAN NC=0.7383  (161.1 min elapsed)
[alpha=0.2] [60/100] t036  bal ESRGAN NC=0.9062  (161.7 min elapsed)
[alpha=0.2] [61/100] t037  bal ESRGAN NC=0.8652  (162.4 min elapsed)
[alpha=0.2] [62/100] t038  bal ESRGAN NC=0.8789  (163.0 min elapsed)
[alpha=0.2] [63/100] t039  bal ESRGAN NC=0.5312  (163.6 min elapsed)
[alpha=0.2] [64/100] t040  bal ESRGAN NC=0.9570  (164.3 min elapsed)
[alpha=0.2] [65/100] t041  bal ESRGAN NC=0.9043  (164.9 min elapsed)
[alpha=0.2] [66/100] t042  bal ESRGAN NC=0.8398  (165.5 min elapsed)
[alpha=0.2] [67/100] t043  bal ESRGAN NC=0.8535  (166.1 min elapsed)
[alpha=0.2] [68/100] t044  bal ESRGAN NC=0.8223  (166.7 min elapsed)
[alpha=0.2] [69/100] t045  bal ESRGAN NC=0.9141  (167.4 min elapsed)
[alpha=0.2] [70/100] t046  bal ESRGAN NC=0.9199  (168.0 min elapsed)
[alpha=0.2] [71/100] t047  bal ESRGAN NC=0.9551  (168.6 min elapsed)
[alpha=0.2] [72/100] t048  bal ESRGAN NC=0.8105  (169.2 min elapsed)
[alpha=0.2] [73/100] t049  bal ESRGAN NC=0.9512  (169.8 min elapsed)
[alpha=0.2] [74/100] t050  bal ESRGAN NC=0.9258  (170.4 min elapsed)
[alpha=0.2] [75/100] t051  bal ESRGAN NC=0.8340  (171.1 min elapsed)
[alpha=0.2] [76/100] t052  bal ESRGAN NC=0.8027  (171.7 min elapsed)
[alpha=0.2] [77/100] t053  bal ESRGAN NC=0.9121  (172.4 min elapsed)
[alpha=0.2] [78/100] t054  bal ESRGAN NC=0.6504  (173.1 min elapsed)
[alpha=0.2] [79/100] t055  bal ESRGAN NC=0.9141  (173.7 min elapsed)
[alpha=0.2] [80/100] t056  bal ESRGAN NC=0.9785  (174.3 min elapsed)
[alpha=0.2] [81/100] t057  bal ESRGAN NC=0.7617  (175.0 min elapsed)
[alpha=0.2] [82/100] t058  bal ESRGAN NC=0.8379  (175.6 min elapsed)
[alpha=0.2] [83/100] t059  bal ESRGAN NC=0.8086  (176.3 min elapsed)
[alpha=0.2] [84/100] t060  bal ESRGAN NC=0.8496  (176.9 min elapsed)
[alpha=0.2] [85/100] t061  bal ESRGAN NC=0.8320  (177.5 min elapsed)
[alpha=0.2] [86/100] t062  bal ESRGAN NC=0.8730  (178.1 min elapsed)
[alpha=0.2] [87/100] t063  bal ESRGAN NC=0.7324  (178.7 min elapsed)
[alpha=0.2] [88/100] t064  bal ESRGAN NC=0.6055  (179.4 min elapsed)
[alpha=0.2] [89/100] t065  bal ESRGAN NC=0.9121  (180.0 min elapsed)
[alpha=0.2] [90/100] t066  bal ESRGAN NC=0.9102  (180.6 min elapsed)
[alpha=0.2] [91/100] t067  bal ESRGAN NC=0.7031  (181.3 min elapsed)
[alpha=0.2] [92/100] t068  bal ESRGAN NC=0.8574  (181.9 min elapsed)
[alpha=0.2] [93/100] t069  bal ESRGAN NC=0.7031  (182.5 min elapsed)
[alpha=0.2] [94/100] t070  bal ESRGAN NC=0.8906  (183.1 min elapsed)
[alpha=0.2] [95/100] t071  bal ESRGAN NC=0.7109  (183.8 min elapsed)
[alpha=0.2] [96/100] t072  bal ESRGAN NC=0.9844  (184.4 min elapsed)
[alpha=0.2] [97/100] t073  bal ESRGAN NC=0.9746  (185.0 min elapsed)
[alpha=0.2] [98/100] t074  bal ESRGAN NC=0.9551  (185.7 min elapsed)
[alpha=0.2] [99/100] t075  bal ESRGAN NC=0.8867  (186.3 min elapsed)
[alpha=0.2] [100/100] t076  bal ESRGAN NC=0.9648  (186.9 min elapsed)
[alpha=0.3] [1/100] kodim01  bal ESRGAN NC=0.8633  (187.6 min elapsed)
[alpha=0.3] [2/100] kodim02  bal ESRGAN NC=0.8008  (188.2 min elapsed)
[alpha=0.3] [3/100] kodim03  bal ESRGAN NC=0.8945  (188.8 min elapsed)
[alpha=0.3] [4/100] kodim04  bal ESRGAN NC=0.8672  (189.4 min elapsed)
[alpha=0.3] [5/100] kodim05  bal ESRGAN NC=0.8926  (190.1 min elapsed)
[alpha=0.3] [6/100] kodim06  bal ESRGAN NC=0.8984  (190.7 min elapsed)
[alpha=0.3] [7/100] kodim07  bal ESRGAN NC=0.7969  (191.4 min elapsed)
[alpha=0.3] [8/100] kodim08  bal ESRGAN NC=0.6230  (192.0 min elapsed)
[alpha=0.3] [9/100] kodim09  bal ESRGAN NC=0.8066  (192.7 min elapsed)
[alpha=0.3] [10/100] kodim10  bal ESRGAN NC=0.8613  (193.3 min elapsed)
[alpha=0.3] [11/100] kodim11  bal ESRGAN NC=0.8926  (194.0 min elapsed)
[alpha=0.3] [12/100] kodim12  bal ESRGAN NC=0.9336  (194.6 min elapsed)
[alpha=0.3] [13/100] kodim13  bal ESRGAN NC=0.9551  (195.3 min elapsed)
[alpha=0.3] [14/100] kodim14  bal ESRGAN NC=0.9375  (195.9 min elapsed)
[alpha=0.3] [15/100] kodim15  bal ESRGAN NC=0.8027  (196.6 min elapsed)
[alpha=0.3] [16/100] kodim16  bal ESRGAN NC=0.9375  (197.3 min elapsed)
[alpha=0.3] [17/100] kodim17  bal ESRGAN NC=0.9434  (197.9 min elapsed)
[alpha=0.3] [18/100] kodim18  bal ESRGAN NC=0.9570  (198.5 min elapsed)
[alpha=0.3] [19/100] kodim19  bal ESRGAN NC=0.8945  (199.2 min elapsed)
[alpha=0.3] [20/100] kodim20  bal ESRGAN NC=0.5449  (199.8 min elapsed)
[alpha=0.3] [21/100] kodim21  bal ESRGAN NC=0.8438  (200.4 min elapsed)
[alpha=0.3] [22/100] kodim22  bal ESRGAN NC=0.9238  (201.0 min elapsed)
[alpha=0.3] [23/100] kodim23  bal ESRGAN NC=0.9180  (201.7 min elapsed)
[alpha=0.3] [24/100] kodim24  bal ESRGAN NC=0.8203  (202.3 min elapsed)
[alpha=0.3] [25/100] t001  bal ESRGAN NC=0.8691  (202.9 min elapsed)
[alpha=0.3] [26/100] t002  bal ESRGAN NC=0.6953  (203.6 min elapsed)
[alpha=0.3] [27/100] t003  bal ESRGAN NC=0.8730  (204.2 min elapsed)
[alpha=0.3] [28/100] t004  bal ESRGAN NC=0.6602  (204.9 min elapsed)
[alpha=0.3] [29/100] t005  bal ESRGAN NC=0.8867  (205.6 min elapsed)
[alpha=0.3] [30/100] t006  bal ESRGAN NC=0.8418  (206.2 min elapsed)
[alpha=0.3] [31/100] t007  bal ESRGAN NC=0.8574  (206.8 min elapsed)
[alpha=0.3] [32/100] t008  bal ESRGAN NC=0.8262  (207.4 min elapsed)
[alpha=0.3] [33/100] t009  bal ESRGAN NC=0.6895  (208.1 min elapsed)
[alpha=0.3] [34/100] t010  bal ESRGAN NC=0.8184  (208.7 min elapsed)
[alpha=0.3] [35/100] t011  bal ESRGAN NC=0.8164  (209.3 min elapsed)
[alpha=0.3] [36/100] t012  bal ESRGAN NC=0.7734  (210.0 min elapsed)
[alpha=0.3] [37/100] t013  bal ESRGAN NC=0.9902  (210.6 min elapsed)
[alpha=0.3] [38/100] t014  bal ESRGAN NC=0.7754  (211.3 min elapsed)
[alpha=0.3] [39/100] t015  bal ESRGAN NC=0.6445  (212.0 min elapsed)
[alpha=0.3] [40/100] t016  bal ESRGAN NC=0.8750  (212.6 min elapsed)
[alpha=0.3] [41/100] t017  bal ESRGAN NC=0.9746  (213.3 min elapsed)
[alpha=0.3] [42/100] t018  bal ESRGAN NC=0.8008  (213.9 min elapsed)
[alpha=0.3] [43/100] t019  bal ESRGAN NC=0.7637  (214.6 min elapsed)
[alpha=0.3] [44/100] t020  bal ESRGAN NC=0.8555  (215.2 min elapsed)
[alpha=0.3] [45/100] t021  bal ESRGAN NC=0.7773  (215.9 min elapsed)
[alpha=0.3] [46/100] t022  bal ESRGAN NC=0.9512  (216.5 min elapsed)
[alpha=0.3] [47/100] t023  bal ESRGAN NC=0.8730  (217.2 min elapsed)
[alpha=0.3] [48/100] t024  bal ESRGAN NC=0.7559  (217.8 min elapsed)
[alpha=0.3] [49/100] t025  bal ESRGAN NC=0.6387  (218.5 min elapsed)
[alpha=0.3] [50/100] t026  bal ESRGAN NC=0.6953  (219.1 min elapsed)
[alpha=0.3] [51/100] t027  bal ESRGAN NC=0.8555  (219.8 min elapsed)
[alpha=0.3] [52/100] t028  bal ESRGAN NC=0.5234  (220.4 min elapsed)
[alpha=0.3] [53/100] t029  bal ESRGAN NC=0.9121  (221.1 min elapsed)
[alpha=0.3] [54/100] t030  bal ESRGAN NC=0.7539  (221.7 min elapsed)
[alpha=0.3] [55/100] t031  bal ESRGAN NC=0.7656  (222.4 min elapsed)
[alpha=0.3] [56/100] t032  bal ESRGAN NC=0.6934  (223.0 min elapsed)
[alpha=0.3] [57/100] t033  bal ESRGAN NC=0.7891  (223.7 min elapsed)
[alpha=0.3] [58/100] t034  bal ESRGAN NC=0.9609  (224.3 min elapsed)
[alpha=0.3] [59/100] t035  bal ESRGAN NC=0.7539  (225.0 min elapsed)
[alpha=0.3] [60/100] t036  bal ESRGAN NC=0.9160  (225.7 min elapsed)
[alpha=0.3] [61/100] t037  bal ESRGAN NC=0.8789  (226.3 min elapsed)
[alpha=0.3] [62/100] t038  bal ESRGAN NC=0.8906  (226.9 min elapsed)
[alpha=0.3] [63/100] t039  bal ESRGAN NC=0.5625  (227.6 min elapsed)
[alpha=0.3] [64/100] t040  bal ESRGAN NC=0.9668  (228.2 min elapsed)
[alpha=0.3] [65/100] t041  bal ESRGAN NC=0.9160  (228.8 min elapsed)
[alpha=0.3] [66/100] t042  bal ESRGAN NC=0.8633  (229.4 min elapsed)
[alpha=0.3] [67/100] t043  bal ESRGAN NC=0.8652  (230.1 min elapsed)
[alpha=0.3] [68/100] t044  bal ESRGAN NC=0.8281  (230.8 min elapsed)
[alpha=0.3] [69/100] t045  bal ESRGAN NC=0.9336  (231.4 min elapsed)
[alpha=0.3] [70/100] t046  bal ESRGAN NC=0.9316  (232.1 min elapsed)
[alpha=0.3] [71/100] t047  bal ESRGAN NC=0.9668  (232.7 min elapsed)
[alpha=0.3] [72/100] t048  bal ESRGAN NC=0.8281  (233.3 min elapsed)
[alpha=0.3] [73/100] t049  bal ESRGAN NC=0.9590  (234.0 min elapsed)
[alpha=0.3] [74/100] t050  bal ESRGAN NC=0.9395  (234.6 min elapsed)
[alpha=0.3] [75/100] t051  bal ESRGAN NC=0.8594  (235.2 min elapsed)
[alpha=0.3] [76/100] t052  bal ESRGAN NC=0.8184  (235.9 min elapsed)
[alpha=0.3] [77/100] t053  bal ESRGAN NC=0.9277  (236.5 min elapsed)
[alpha=0.3] [78/100] t054  bal ESRGAN NC=0.6426  (237.2 min elapsed)
[alpha=0.3] [79/100] t055  bal ESRGAN NC=0.9258  (237.8 min elapsed)
[alpha=0.3] [80/100] t056  bal ESRGAN NC=0.9805  (238.5 min elapsed)
[alpha=0.3] [81/100] t057  bal ESRGAN NC=0.7832  (239.1 min elapsed)
[alpha=0.3] [82/100] t058  bal ESRGAN NC=0.8457  (239.8 min elapsed)
[alpha=0.3] [83/100] t059  bal ESRGAN NC=0.8262  (240.5 min elapsed)
[alpha=0.3] [84/100] t060  bal ESRGAN NC=0.8555  (241.1 min elapsed)
[alpha=0.3] [85/100] t061  bal ESRGAN NC=0.8672  (241.7 min elapsed)
[alpha=0.3] [86/100] t062  bal ESRGAN NC=0.8828  (242.4 min elapsed)
[alpha=0.3] [87/100] t063  bal ESRGAN NC=0.7461  (243.0 min elapsed)
[alpha=0.3] [88/100] t064  bal ESRGAN NC=0.6250  (243.7 min elapsed)
[alpha=0.3] [89/100] t065  bal ESRGAN NC=0.9238  (244.4 min elapsed)
[alpha=0.3] [90/100] t066  bal ESRGAN NC=0.9199  (245.0 min elapsed)
[alpha=0.3] [91/100] t067  bal ESRGAN NC=0.7109  (245.6 min elapsed)
[alpha=0.3] [92/100] t068  bal ESRGAN NC=0.8652  (246.3 min elapsed)
[alpha=0.3] [93/100] t069  bal ESRGAN NC=0.7051  (246.9 min elapsed)
[alpha=0.3] [94/100] t070  bal ESRGAN NC=0.9180  (247.5 min elapsed)
[alpha=0.3] [95/100] t071  bal ESRGAN NC=0.7363  (248.2 min elapsed)
[alpha=0.3] [96/100] t072  bal ESRGAN NC=0.9863  (248.8 min elapsed)
[alpha=0.3] [97/100] t073  bal ESRGAN NC=0.9824  (249.5 min elapsed)
[alpha=0.3] [98/100] t074  bal ESRGAN NC=0.9512  (250.1 min elapsed)
[alpha=0.3] [99/100] t075  bal ESRGAN NC=0.9219  (250.8 min elapsed)
[alpha=0.3] [100/100] t076  bal ESRGAN NC=0.9746  (251.4 min elapsed)
[collect] done: 4800 rows in /Users/shivatan/PycharmProjects/DWT-DCT/experiments/exp_J_balanced_like_for_like/results_balanced_rerun.csv
[analyze] /Users/shivatan/PycharmProjects/DWT-DCT/experiments/exp_J_balanced_like_for_like/summary_balanced_rerun.csv
[analyze] /Users/shivatan/PycharmProjects/DWT-DCT/experiments/exp_J_balanced_like_for_like/tests_balanced_rerun.csv
[analyze] Exp F cross-check max |ΔNC| = 0.000e+00
[report] /Users/shivatan/PycharmProjects/DWT-DCT/experiments/exp_J_balanced_like_for_like/balanced_vs_standard.md
